2024-02-28 00:12:13,772 [Worker-0: Loading available Gradle versions] INFO  o.e.b.c.i.u.g.PublishedGradleVersions - Gradle version information cache is up-to-date. Trying to read.
2024-02-28 00:12:14,941 [ForkJoinPool.commonPool-worker-1] INFO  o.s.s.s.o.s.c.s.PostProcessorRegistrationDelegate$BeanPostProcessorChecker - Bean 'sonarLintSpringAppConfig' of type [org.sonarsource.sonarlint.core.spring.SonarLintSpringAppConfig$$EnhancerBySpringCGLIB$$e8cc27aa] is not eligible for getting processed by all BeanPostProcessors (for example: not eligible for auto-proxying)
2024-02-28 00:12:15,015 [ForkJoinPool.commonPool-worker-1] INFO  o.s.s.s.o.s.c.s.PostProcessorRegistrationDelegate$BeanPostProcessorChecker - Bean 'provideClientEventBus' of type [com.google.common.eventbus.AsyncEventBus] is not eligible for getting processed by all BeanPostProcessors (for example: not eligible for auto-proxying)
2024-02-28 00:12:16,168 [ForkJoinPool.commonPool-worker-1] INFO  jetbrains.exodus.io.FileDataWriter - Uninterruptible file channel will be used
2024-02-28 00:12:16,169 [ForkJoinPool.commonPool-worker-1] WARN  jetbrains.exodus.io.FileDataWriter - Can't open directory channel. Log directory fsync won't be performed.
2024-02-28 00:12:16,351 [ForkJoinPool.commonPool-worker-1] INFO  j.exodus.env.EnvironmentImpl - Exodus environment created: C:\Users\KrishnaGopikaUrlagan\.sonarlint\xodus-local-only-issue-store18032383622813640792
2024-02-28 00:13:13,184 [Worker-7: Importing Maven projects] INFO  o.e.m.c.i.l.LifecycleMappingFactory - Using org.eclipse.m2e.jdt.JarLifecycleMapping lifecycle mapping for MavenProject: com.revature:revhire:0.0.1-SNAPSHOT @ C:\RevGen\revhire\pom.xml.
2024-02-28 00:13:16,725 [Worker-7: Importing Maven projects] INFO  o.e.m.j.i.AbstractJavaProjectConfigurator - Adding source folder /revhire/src/main/java
2024-02-28 00:13:16,726 [Worker-7: Importing Maven projects] INFO  o.e.m.j.i.AbstractJavaProjectConfigurator - Adding resource folder /revhire/src/main/resources
2024-02-28 00:13:16,727 [Worker-7: Importing Maven projects] INFO  o.e.m.j.i.AbstractJavaProjectConfigurator - Adding resource folder /revhire/src/main/resources
2024-02-28 00:13:16,729 [Worker-7: Importing Maven projects] INFO  o.e.m.j.i.AbstractJavaProjectConfigurator - Adding source folder /revhire/src/test/java
2024-02-28 00:13:17,917 [Worker-7: Importing Maven projects] INFO  o.e.m.c.i.p.ProjectConfigurationManager - Imported and configured 1 project(s) in 7 sec
2024-02-28 00:15:21,211 [Worker-3: Updating Maven Project] INFO  o.e.m.c.i.p.ProjectConfigurationManager - Update started
2024-02-28 00:15:21,837 [Worker-3: Updating Maven Project] INFO  o.e.m.c.i.l.LifecycleMappingFactory - Using org.eclipse.m2e.jdt.JarLifecycleMapping lifecycle mapping for MavenProject: com.revature:revhire:0.0.1-SNAPSHOT @ C:\RevGen\revhire\pom.xml.
2024-02-28 00:15:22,841 [Worker-3: Updating Maven Project] INFO  o.e.m.j.i.AbstractJavaProjectConfigurator - Adding source folder /revhire/src/main/java
2024-02-28 00:15:22,842 [Worker-3: Updating Maven Project] INFO  o.e.m.j.i.AbstractJavaProjectConfigurator - Adding resource folder /revhire/src/main/resources
2024-02-28 00:15:22,842 [Worker-3: Updating Maven Project] INFO  o.e.m.j.i.AbstractJavaProjectConfigurator - Adding resource folder /revhire/src/main/resources
2024-02-28 00:15:22,843 [Worker-3: Updating Maven Project] INFO  o.e.m.j.i.AbstractJavaProjectConfigurator - Adding source folder /revhire/src/test/java
2024-02-28 00:15:24,129 [Worker-3: Updating Maven Project] INFO  o.e.m.c.i.p.ProjectConfigurationManager - Update completed for 1 poms: local refresh takes 0.00 sec, refresh facades takes 1.00 sec, update config takes 0.00 sec 
2024-02-28 00:16:12,055 [Worker-7: Launching Executing clean in C__RevGen_revhire] INFO  o.eclipse.m2e.core.internal.Bundles - getClasspathEntries(Bundle=org.eclipse.m2e.maven.runtime_3.8.604.20221130-2149 [345])
2024-02-28 00:16:12,065 [Worker-7: Launching Executing clean in C__RevGen_revhire] INFO  o.eclipse.m2e.core.internal.Bundles - 	Entry: C:\Users\KrishnaGopikaUrlagan\Downloads\sts-4.17.2.RELEASE\plugins\org.eclipse.m2e.maven.runtime_3.8.604.20221130-2149
2024-02-28 00:16:12,068 [Worker-7: Launching Executing clean in C__RevGen_revhire] INFO  o.eclipse.m2e.core.internal.Bundles - 	Entry: C:\Users\KrishnaGopikaUrlagan\Downloads\sts-4.17.2.RELEASE\plugins\org.eclipse.m2e.maven.runtime_3.8.604.20221130-2149\jars\aether-connector-okhttp-0.17.8.jar
2024-02-28 00:16:12,069 [Worker-7: Launching Executing clean in C__RevGen_revhire] INFO  o.eclipse.m2e.core.internal.Bundles - 	Entry: C:\Users\KrishnaGopikaUrlagan\Downloads\sts-4.17.2.RELEASE\plugins\org.eclipse.m2e.maven.runtime_3.8.604.20221130-2149\jars\commons-cli-1.4.jar
2024-02-28 00:16:12,070 [Worker-7: Launching Executing clean in C__RevGen_revhire] INFO  o.eclipse.m2e.core.internal.Bundles - 	Entry: C:\Users\KrishnaGopikaUrlagan\Downloads\sts-4.17.2.RELEASE\plugins\org.eclipse.m2e.maven.runtime_3.8.604.20221130-2149\jars\commons-io-2.6.jar
2024-02-28 00:16:12,070 [Worker-7: Launching Executing clean in C__RevGen_revhire] INFO  o.eclipse.m2e.core.internal.Bundles - 	Entry: C:\Users\KrishnaGopikaUrlagan\Downloads\sts-4.17.2.RELEASE\plugins\org.eclipse.m2e.maven.runtime_3.8.604.20221130-2149\jars\commons-lang3-3.8.1.jar
2024-02-28 00:16:12,070 [Worker-7: Launching Executing clean in C__RevGen_revhire] INFO  o.eclipse.m2e.core.internal.Bundles - 	Entry: C:\Users\KrishnaGopikaUrlagan\Downloads\sts-4.17.2.RELEASE\plugins\org.eclipse.m2e.maven.runtime_3.8.604.20221130-2149\jars\guice-4.2.2-no_aop.jar
2024-02-28 00:16:12,071 [Worker-7: Launching Executing clean in C__RevGen_revhire] INFO  o.eclipse.m2e.core.internal.Bundles - 	Entry: C:\Users\KrishnaGopikaUrlagan\Downloads\sts-4.17.2.RELEASE\plugins\org.eclipse.m2e.maven.runtime_3.8.604.20221130-2149\jars\jansi-2.4.0.jar
2024-02-28 00:16:12,071 [Worker-7: Launching Executing clean in C__RevGen_revhire] INFO  o.eclipse.m2e.core.internal.Bundles - 	Entry: C:\Users\KrishnaGopikaUrlagan\Downloads\sts-4.17.2.RELEASE\plugins\org.eclipse.m2e.maven.runtime_3.8.604.20221130-2149\jars\maven-artifact-3.8.6.jar
2024-02-28 00:16:12,071 [Worker-7: Launching Executing clean in C__RevGen_revhire] INFO  o.eclipse.m2e.core.internal.Bundles - 	Entry: C:\Users\KrishnaGopikaUrlagan\Downloads\sts-4.17.2.RELEASE\plugins\org.eclipse.m2e.maven.runtime_3.8.604.20221130-2149\jars\maven-builder-support-3.8.6.jar
2024-02-28 00:16:12,071 [Worker-7: Launching Executing clean in C__RevGen_revhire] INFO  o.eclipse.m2e.core.internal.Bundles - 	Entry: C:\Users\KrishnaGopikaUrlagan\Downloads\sts-4.17.2.RELEASE\plugins\org.eclipse.m2e.maven.runtime_3.8.604.20221130-2149\jars\maven-compat-3.8.6.jar
2024-02-28 00:16:12,072 [Worker-7: Launching Executing clean in C__RevGen_revhire] INFO  o.eclipse.m2e.core.internal.Bundles - 	Entry: C:\Users\KrishnaGopikaUrlagan\Downloads\sts-4.17.2.RELEASE\plugins\org.eclipse.m2e.maven.runtime_3.8.604.20221130-2149\jars\maven-core-3.8.6.jar
2024-02-28 00:16:12,072 [Worker-7: Launching Executing clean in C__RevGen_revhire] INFO  o.eclipse.m2e.core.internal.Bundles - 	Entry: C:\Users\KrishnaGopikaUrlagan\Downloads\sts-4.17.2.RELEASE\plugins\org.eclipse.m2e.maven.runtime_3.8.604.20221130-2149\jars\maven-embedder-3.8.6.jar
2024-02-28 00:16:12,072 [Worker-7: Launching Executing clean in C__RevGen_revhire] INFO  o.eclipse.m2e.core.internal.Bundles - 	Entry: C:\Users\KrishnaGopikaUrlagan\Downloads\sts-4.17.2.RELEASE\plugins\org.eclipse.m2e.maven.runtime_3.8.604.20221130-2149\jars\maven-model-3.8.6.jar
2024-02-28 00:16:12,073 [Worker-7: Launching Executing clean in C__RevGen_revhire] INFO  o.eclipse.m2e.core.internal.Bundles - 	Entry: C:\Users\KrishnaGopikaUrlagan\Downloads\sts-4.17.2.RELEASE\plugins\org.eclipse.m2e.maven.runtime_3.8.604.20221130-2149\jars\maven-model-builder-3.8.6.jar
2024-02-28 00:16:12,074 [Worker-7: Launching Executing clean in C__RevGen_revhire] INFO  o.eclipse.m2e.core.internal.Bundles - 	Entry: C:\Users\KrishnaGopikaUrlagan\Downloads\sts-4.17.2.RELEASE\plugins\org.eclipse.m2e.maven.runtime_3.8.604.20221130-2149\jars\maven-plugin-api-3.8.6.jar
2024-02-28 00:16:12,074 [Worker-7: Launching Executing clean in C__RevGen_revhire] INFO  o.eclipse.m2e.core.internal.Bundles - 	Entry: C:\Users\KrishnaGopikaUrlagan\Downloads\sts-4.17.2.RELEASE\plugins\org.eclipse.m2e.maven.runtime_3.8.604.20221130-2149\jars\maven-repository-metadata-3.8.6.jar
2024-02-28 00:16:12,074 [Worker-7: Launching Executing clean in C__RevGen_revhire] INFO  o.eclipse.m2e.core.internal.Bundles - 	Entry: C:\Users\KrishnaGopikaUrlagan\Downloads\sts-4.17.2.RELEASE\plugins\org.eclipse.m2e.maven.runtime_3.8.604.20221130-2149\jars\maven-resolver-api-1.6.3.jar
2024-02-28 00:16:12,074 [Worker-7: Launching Executing clean in C__RevGen_revhire] INFO  o.eclipse.m2e.core.internal.Bundles - 	Entry: C:\Users\KrishnaGopikaUrlagan\Downloads\sts-4.17.2.RELEASE\plugins\org.eclipse.m2e.maven.runtime_3.8.604.20221130-2149\jars\maven-resolver-connector-basic-1.6.3.jar
2024-02-28 00:16:12,075 [Worker-7: Launching Executing clean in C__RevGen_revhire] INFO  o.eclipse.m2e.core.internal.Bundles - 	Entry: C:\Users\KrishnaGopikaUrlagan\Downloads\sts-4.17.2.RELEASE\plugins\org.eclipse.m2e.maven.runtime_3.8.604.20221130-2149\jars\maven-resolver-impl-1.6.3.jar
2024-02-28 00:16:12,075 [Worker-7: Launching Executing clean in C__RevGen_revhire] INFO  o.eclipse.m2e.core.internal.Bundles - 	Entry: C:\Users\KrishnaGopikaUrlagan\Downloads\sts-4.17.2.RELEASE\plugins\org.eclipse.m2e.maven.runtime_3.8.604.20221130-2149\jars\maven-resolver-provider-3.8.6.jar
2024-02-28 00:16:12,075 [Worker-7: Launching Executing clean in C__RevGen_revhire] INFO  o.eclipse.m2e.core.internal.Bundles - 	Entry: C:\Users\KrishnaGopikaUrlagan\Downloads\sts-4.17.2.RELEASE\plugins\org.eclipse.m2e.maven.runtime_3.8.604.20221130-2149\jars\maven-resolver-spi-1.6.3.jar
2024-02-28 00:16:12,076 [Worker-7: Launching Executing clean in C__RevGen_revhire] INFO  o.eclipse.m2e.core.internal.Bundles - 	Entry: C:\Users\KrishnaGopikaUrlagan\Downloads\sts-4.17.2.RELEASE\plugins\org.eclipse.m2e.maven.runtime_3.8.604.20221130-2149\jars\maven-resolver-transport-wagon-1.6.3.jar
2024-02-28 00:16:12,076 [Worker-7: Launching Executing clean in C__RevGen_revhire] INFO  o.eclipse.m2e.core.internal.Bundles - 	Entry: C:\Users\KrishnaGopikaUrlagan\Downloads\sts-4.17.2.RELEASE\plugins\org.eclipse.m2e.maven.runtime_3.8.604.20221130-2149\jars\maven-resolver-util-1.6.3.jar
2024-02-28 00:16:12,076 [Worker-7: Launching Executing clean in C__RevGen_revhire] INFO  o.eclipse.m2e.core.internal.Bundles - 	Entry: C:\Users\KrishnaGopikaUrlagan\Downloads\sts-4.17.2.RELEASE\plugins\org.eclipse.m2e.maven.runtime_3.8.604.20221130-2149\jars\maven-settings-3.8.6.jar
2024-02-28 00:16:12,077 [Worker-7: Launching Executing clean in C__RevGen_revhire] INFO  o.eclipse.m2e.core.internal.Bundles - 	Entry: C:\Users\KrishnaGopikaUrlagan\Downloads\sts-4.17.2.RELEASE\plugins\org.eclipse.m2e.maven.runtime_3.8.604.20221130-2149\jars\maven-settings-builder-3.8.6.jar
2024-02-28 00:16:12,077 [Worker-7: Launching Executing clean in C__RevGen_revhire] INFO  o.eclipse.m2e.core.internal.Bundles - 	Entry: C:\Users\KrishnaGopikaUrlagan\Downloads\sts-4.17.2.RELEASE\plugins\org.eclipse.m2e.maven.runtime_3.8.604.20221130-2149\jars\maven-shared-utils-3.3.4.jar
2024-02-28 00:16:12,077 [Worker-7: Launching Executing clean in C__RevGen_revhire] INFO  o.eclipse.m2e.core.internal.Bundles - 	Entry: C:\Users\KrishnaGopikaUrlagan\Downloads\sts-4.17.2.RELEASE\plugins\org.eclipse.m2e.maven.runtime_3.8.604.20221130-2149\jars\okhttp-3.14.1.jar
2024-02-28 00:16:12,077 [Worker-7: Launching Executing clean in C__RevGen_revhire] INFO  o.eclipse.m2e.core.internal.Bundles - 	Entry: C:\Users\KrishnaGopikaUrlagan\Downloads\sts-4.17.2.RELEASE\plugins\org.eclipse.m2e.maven.runtime_3.8.604.20221130-2149\jars\okio-1.17.3.jar
2024-02-28 00:16:12,078 [Worker-7: Launching Executing clean in C__RevGen_revhire] INFO  o.eclipse.m2e.core.internal.Bundles - 	Entry: C:\Users\KrishnaGopikaUrlagan\Downloads\sts-4.17.2.RELEASE\plugins\org.eclipse.m2e.maven.runtime_3.8.604.20221130-2149\jars\org.eclipse.sisu.inject-0.3.5.jar
2024-02-28 00:16:12,078 [Worker-7: Launching Executing clean in C__RevGen_revhire] INFO  o.eclipse.m2e.core.internal.Bundles - 	Entry: C:\Users\KrishnaGopikaUrlagan\Downloads\sts-4.17.2.RELEASE\plugins\org.eclipse.m2e.maven.runtime_3.8.604.20221130-2149\jars\org.eclipse.sisu.plexus-0.3.5.jar
2024-02-28 00:16:12,078 [Worker-7: Launching Executing clean in C__RevGen_revhire] INFO  o.eclipse.m2e.core.internal.Bundles - 	Entry: C:\Users\KrishnaGopikaUrlagan\Downloads\sts-4.17.2.RELEASE\plugins\org.eclipse.m2e.maven.runtime_3.8.604.20221130-2149\jars\plexus-build-api-0.0.7.jar
2024-02-28 00:16:12,079 [Worker-7: Launching Executing clean in C__RevGen_revhire] INFO  o.eclipse.m2e.core.internal.Bundles - 	Entry: C:\Users\KrishnaGopikaUrlagan\Downloads\sts-4.17.2.RELEASE\plugins\org.eclipse.m2e.maven.runtime_3.8.604.20221130-2149\jars\plexus-cipher-2.0.jar
2024-02-28 00:16:12,079 [Worker-7: Launching Executing clean in C__RevGen_revhire] INFO  o.eclipse.m2e.core.internal.Bundles - 	Entry: C:\Users\KrishnaGopikaUrlagan\Downloads\sts-4.17.2.RELEASE\plugins\org.eclipse.m2e.maven.runtime_3.8.604.20221130-2149\jars\plexus-classworlds-2.6.0.jar
2024-02-28 00:16:12,080 [Worker-7: Launching Executing clean in C__RevGen_revhire] INFO  o.eclipse.m2e.core.internal.Bundles - 	Entry: C:\Users\KrishnaGopikaUrlagan\Downloads\sts-4.17.2.RELEASE\plugins\org.eclipse.m2e.maven.runtime_3.8.604.20221130-2149\jars\plexus-component-annotations-2.1.0.jar
2024-02-28 00:16:12,080 [Worker-7: Launching Executing clean in C__RevGen_revhire] INFO  o.eclipse.m2e.core.internal.Bundles - 	Entry: C:\Users\KrishnaGopikaUrlagan\Downloads\sts-4.17.2.RELEASE\plugins\org.eclipse.m2e.maven.runtime_3.8.604.20221130-2149\jars\plexus-interpolation-1.26.jar
2024-02-28 00:16:12,081 [Worker-7: Launching Executing clean in C__RevGen_revhire] INFO  o.eclipse.m2e.core.internal.Bundles - 	Entry: C:\Users\KrishnaGopikaUrlagan\Downloads\sts-4.17.2.RELEASE\plugins\org.eclipse.m2e.maven.runtime_3.8.604.20221130-2149\jars\plexus-sec-dispatcher-2.0.jar
2024-02-28 00:16:12,082 [Worker-7: Launching Executing clean in C__RevGen_revhire] INFO  o.eclipse.m2e.core.internal.Bundles - 	Entry: C:\Users\KrishnaGopikaUrlagan\Downloads\sts-4.17.2.RELEASE\plugins\org.eclipse.m2e.maven.runtime_3.8.604.20221130-2149\jars\plexus-utils-3.3.1.jar
2024-02-28 00:16:12,083 [Worker-7: Launching Executing clean in C__RevGen_revhire] INFO  o.eclipse.m2e.core.internal.Bundles - 	Entry: C:\Users\KrishnaGopikaUrlagan\Downloads\sts-4.17.2.RELEASE\plugins\org.eclipse.m2e.maven.runtime_3.8.604.20221130-2149\jars\wagon-file-3.5.1.jar
2024-02-28 00:16:12,083 [Worker-7: Launching Executing clean in C__RevGen_revhire] INFO  o.eclipse.m2e.core.internal.Bundles - 	Entry: C:\Users\KrishnaGopikaUrlagan\Downloads\sts-4.17.2.RELEASE\plugins\org.eclipse.m2e.maven.runtime_3.8.604.20221130-2149\jars\wagon-provider-api-3.5.1.jar
2024-02-28 00:16:12,086 [Worker-7: Launching Executing clean in C__RevGen_revhire] INFO  o.eclipse.m2e.core.internal.Bundles - getClasspathEntries(Bundle=com.google.guava_30.1.0.v20221112-0806 [22])
2024-02-28 00:16:12,089 [Worker-7: Launching Executing clean in C__RevGen_revhire] INFO  o.eclipse.m2e.core.internal.Bundles - 	Entry: C:\Users\KrishnaGopikaUrlagan\Downloads\sts-4.17.2.RELEASE\plugins\com.google.guava_30.1.0.v20221112-0806.jar
2024-02-28 00:16:12,089 [Worker-7: Launching Executing clean in C__RevGen_revhire] INFO  o.eclipse.m2e.core.internal.Bundles - getClasspathEntries(Bundle=slf4j.api_1.7.36 [584])
2024-02-28 00:16:12,092 [Worker-7: Launching Executing clean in C__RevGen_revhire] INFO  o.eclipse.m2e.core.internal.Bundles - 	Entry: C:\Users\KrishnaGopikaUrlagan\Downloads\sts-4.17.2.RELEASE\plugins\slf4j.api_1.7.36.jar
2024-02-28 00:16:12,092 [Worker-7: Launching Executing clean in C__RevGen_revhire] INFO  o.eclipse.m2e.core.internal.Bundles - getClasspathEntries(Bundle=javax.inject_1.0.0.v20220405-0441 [49])
2024-02-28 00:16:12,096 [Worker-7: Launching Executing clean in C__RevGen_revhire] INFO  o.eclipse.m2e.core.internal.Bundles - 	Entry: C:\Users\KrishnaGopikaUrlagan\Downloads\sts-4.17.2.RELEASE\plugins\javax.inject_1.0.0.v20220405-0441.jar
2024-02-28 00:16:12,096 [Worker-7: Launching Executing clean in C__RevGen_revhire] INFO  o.eclipse.m2e.core.internal.Bundles - getClasspathEntries(Bundle=javax.annotation_1.3.5.v20221112-0806 [47])
2024-02-28 00:16:12,101 [Worker-7: Launching Executing clean in C__RevGen_revhire] INFO  o.eclipse.m2e.core.internal.Bundles - 	Entry: C:\Users\KrishnaGopikaUrlagan\Downloads\sts-4.17.2.RELEASE\plugins\javax.annotation_1.3.5.v20221112-0806.jar
2024-02-28 00:16:12,109 [Worker-7: Launching Executing clean in C__RevGen_revhire] INFO  o.e.m.i.launch.MavenLaunchDelegate - Run build in "C:\RevGen\revhire":
2024-02-28 00:16:12,110 [Worker-7: Launching Executing clean in C__RevGen_revhire] INFO  o.e.m.i.launch.MavenLaunchDelegate -  mvn  -B -Dstyle.color=always clean
2024-02-28 00:17:09,183 [Worker-10: Launching Executing test in C__RevGen_revhire] INFO  o.e.m.i.launch.MavenLaunchDelegate - Run build in "C:\RevGen\revhire":
2024-02-28 00:17:09,183 [Worker-10: Launching Executing test in C__RevGen_revhire] INFO  o.e.m.i.launch.MavenLaunchDelegate -  mvn  -B -Dstyle.color=always test
2024-02-28 01:35:24,919 [ForkJoinPool.commonPool-worker-17] INFO  j.exodus.util.CompressBackupUtil - Backup file "local_only_issue_backup2024-02-28-01-35-24.tar.gz" created.
2024-02-28 04:58:38,652 [Worker-4: Loading available Gradle versions] INFO  o.e.b.c.i.u.g.PublishedGradleVersions - Gradle version information cache is out-of-date. Trying to update.
2024-02-28 04:58:39,580 [ForkJoinPool.commonPool-worker-1] INFO  o.s.s.s.o.s.c.s.PostProcessorRegistrationDelegate$BeanPostProcessorChecker - Bean 'sonarLintSpringAppConfig' of type [org.sonarsource.sonarlint.core.spring.SonarLintSpringAppConfig$$EnhancerBySpringCGLIB$$dca498eb] is not eligible for getting processed by all BeanPostProcessors (for example: not eligible for auto-proxying)
2024-02-28 04:58:39,648 [ForkJoinPool.commonPool-worker-1] INFO  o.s.s.s.o.s.c.s.PostProcessorRegistrationDelegate$BeanPostProcessorChecker - Bean 'provideClientEventBus' of type [com.google.common.eventbus.AsyncEventBus] is not eligible for getting processed by all BeanPostProcessors (for example: not eligible for auto-proxying)
2024-02-28 04:58:41,211 [ForkJoinPool.commonPool-worker-1] INFO  jetbrains.exodus.io.FileDataWriter - Uninterruptible file channel will be used
2024-02-28 04:58:41,211 [ForkJoinPool.commonPool-worker-1] WARN  jetbrains.exodus.io.FileDataWriter - Can't open directory channel. Log directory fsync won't be performed.
2024-02-28 04:58:41,889 [ForkJoinPool.commonPool-worker-1] INFO  j.exodus.env.EnvironmentImpl - Exodus environment created: C:\Users\KrishnaGopikaUrlagan\.sonarlint\xodus-local-only-issue-store2835582904101487760
2024-02-28 04:58:41,909 [ForkJoinPool.commonPool-worker-1] INFO  j.exodus.gc.GarbageCollector - Queueing ComputeUtilizationFromScratchJob
2024-02-28 04:58:51,201 [Exodus shared background cleaner] INFO  j.exodus.gc.GarbageCollector - Started calculation of log utilization from scratch at C:\Users\KrishnaGopikaUrlagan\.sonarlint\xodus-local-only-issue-store2835582904101487760
2024-02-28 04:58:51,231 [Exodus shared background cleaner] INFO  j.exodus.gc.GarbageCollector - Finished calculation of log utilization from scratch at C:\Users\KrishnaGopikaUrlagan\.sonarlint\xodus-local-only-issue-store2835582904101487760
2024-02-28 05:44:38,174 [ForkJoinPool.commonPool-worker-9] INFO  j.exodus.util.CompressBackupUtil - Backup file "local_only_issue_backup2024-02-28-05-44-38.tar.gz" created.
